MPASM 03.20.07 Released                               EJ2.ASM   8-22-2019  23:11:19         PAGE  1


LOC  OBJECT CODE     LINE SOURCE TEXT
  VALUE

                      00001 ;--------------------------------------------------------------------
                      00002 ; Nombre del archivo: ej2.asm
                      00003 ;--------------------------------------------------------------------
                      00004 ; Descripción: Realizar un toggle en el pin RA2 cada 10 flancos descendentes 
                      00005 ; en el pin RA4 (sin habilitar interrupciones).
                      00006 ; 
                      00007 ;--------------------------------------------------------------------
                      00008 ; Versión ensamblador: MPASM™ Assembler v5.42
                      00009 ; Archivos requeridos:
                      00010 ; p16F84.inc
                      00011 ;--------------------------------------------------------------------
                      00012 ; Descripción del Hardware:
                      00013 ;
                      00014 ;                     1 --------------16
                      00015 ;                      |RA2  °|_|  RA1|
                      00016 ;                      |RA3        RA0| 
                      00017 ;                      |RA4/T0CKI OSC2| XTAL
                      00018 ;          R10 K a Vdd |/MCLR     OSC1| XTAL
                      00019 ;                  GND |VSS        VDD| 5V 
                      00020 ;                      |RB0/INT    RB7|
                      00021 ;                      |RB1        RB6|
                      00022 ;                      |RB2        RB5|
                      00023 ;                      |RB3        RB4| -> 
                      00024 ;                     9 --------------10
                      00025 ;
                      00026 ; Frecuencia del oscilador externo: 4MHz (XT)
                      00027 ;--------------------------------------------------------------------
                      00028 ; Autores: Nicolás Rozenberg & Camilo Elman
                      00029 ;--------------------------------------------------------------------
Warning[205]: Found directive in column 1. (LIST)
                      00030 LIST    p=PIC16F84A
Warning[205]: Found directive in column 1. (INCLUDE)
                      00031 INCLUDE <p16f84a.inc>
                      00001         LIST
                      00002 ; P16F84A.INC  Standard Header File, Version 2.00    Microchip Technology, Inc.
                      00134         LIST
Warning[205]: Found directive in column 1. (__CONFIG)
2007   3FF1           00032 __CONFIG _WDT_OFF & _PWRTE_ON & _CP_OFF & _XT_OSC
Warning[205]: Found directive in column 1. (ERRORLEVEL)
                      00033 ERRORLEVEL      -302
                      00034 
                      00035 ;- Definiciones y Equivalencias --------------------------------------
                      00036 #DEFINE bank0   bcf     STATUS,RP0      ; Cambio al banco 0
                      00037 #DEFINE bank1   bsf     STATUS,RP0      ; Cambio al banco 1     
                      00038 
                      00039 
                      00040 ;- Vectores ---------------------------------------------------------
0000                  00041         ORG        0x000       ; Vector de Reset
0000   0103           00042         clrw
0001   2802           00043         goto    Main    
                      00044 ;--------------------------------------------------------------------
0002                  00045 Main
                      00046 
MPASM 03.20.07 Released                               EJ2.ASM   8-22-2019  23:11:19         PAGE  2


LOC  OBJECT CODE     LINE SOURCE TEXT
  VALUE

0002   1683           00047         bank1
0003   3010           00048         movlw   1<<4
0004   0085           00049         movwf   TRISA
0005   3060           00050         movlw   b'01100000'
0006   0081           00051         movwf   OPTION_REG
0007   1283           00052         bank0
                      00053 
0008                  00054 Loop
0008   200C           00055         call    Rutina_check
0009   3004           00056         movlw   1<<2
Message[305]: Using default destination of 1 (file).
000A   0685           00057         xorwf   PORTA
000B   2808           00058         goto    Loop
                      00059 ;- Subrutinas -------------------------------------------------------
000C                  00060 Rutina_check
000C   30FB           00061         movlw   .251                    
000D   0081           00062         movwf   TMR0
000E   1D0B           00063         btfss   INTCON, T0IF
000F   280E           00064         goto    $-1
0010   110B           00065         bcf     INTCON,T0IF
0011   0008           00066         return
                      00067 
Warning[205]: Found directive in column 1. (END)
                      00068 END     ; FIN del pgm
MPASM 03.20.07 Released                               EJ2.ASM   8-22-2019  23:11:19         PAGE  3


SYMBOL TABLE
  LABEL                             VALUE 

C                                 00000000
DC                                00000001
EEADR                             00000009
EECON1                            00000088
EECON2                            00000089
EEDATA                            00000008
EEIE                              00000006
EEIF                              00000004
F                                 00000001
FSR                               00000004
GIE                               00000007
INDF                              00000000
INTCON                            0000000B
INTE                              00000004
INTEDG                            00000006
INTF                              00000001
IRP                               00000007
Loop                              00000008
Main                              00000002
NOT_PD                            00000003
NOT_RBPU                          00000007
NOT_TO                            00000004
OPTION_REG                        00000081
PCL                               00000002
PCLATH                            0000000A
PORTA                             00000005
PORTB                             00000006
PS0                               00000000
PS1                               00000001
PS2                               00000002
PSA                               00000003
RBIE                              00000003
RBIF                              00000000
RD                                00000000
RP0                               00000005
RP1                               00000006
Rutina_check                      0000000C
STATUS                            00000003
T0CS                              00000005
T0IE                              00000005
T0IF                              00000002
T0SE                              00000004
TMR0                              00000001
TRISA                             00000085
TRISB                             00000086
W                                 00000000
WR                                00000001
WREN                              00000002
WRERR                             00000003
Z                                 00000002
_CP_OFF                           00003FFF
_CP_ON                            0000000F
_HS_OSC                           00003FFE
MPASM 03.20.07 Released                               EJ2.ASM   8-22-2019  23:11:19         PAGE  4


SYMBOL TABLE
  LABEL                             VALUE 

_LP_OSC                           00003FFC
_PWRTE_OFF                        00003FFF
_PWRTE_ON                         00003FF7
_RC_OSC                           00003FFF
_WDT_OFF                          00003FFB
_WDT_ON                           00003FFF
_XT_OSC                           00003FFD
__16F84A                          00000001
bank0                             bcf     STATUS,RP0
bank1                             bsf     STATUS,RP0


MEMORY USAGE MAP ('X' = Used,  '-' = Unused)

0000 : XXXXXXXXXXXXXXXX XX-------------- ---------------- ----------------
2000 : -------X-------- ---------------- ---------------- ----------------

All other memory blocks unused.

Program Memory Words Used:    18
Program Memory Words Free:  1006


Errors   :     0
Warnings :     5 reported,     0 suppressed
Messages :     1 reported,     2 suppressed

