MPASM 03.20.07 Released                               EJ6.ASM   8-23-2019  1:16:35         PAGE  1


LOC  OBJECT CODE     LINE SOURCE TEXT
  VALUE

                      00001 ;--------------------------------------------------------------------
                      00002 ; Nombre del archivo: ej6.asm
                      00003 ;--------------------------------------------------------------------
                      00004 ; Descripción: Usar el pin RB7 como interrupción de RBI (Nibble alto 
                      00005 ; del PORTB). Cuando el pin se active con un "1" encender un led en 
                      00006 ; el pin RA2 y en simultáneo deberá parpadear un led en RB3 (100mS en
                      00007 ; ON 400ms en OFF). Esto se debe realizar utilizando 
                      00008 ; la interrupción del TMR0.
                      00009 ;--------------------------------------------------------------------
                      00010 ; Versión ensamblador: MPASM™ Assembler v5.42
                      00011 ; p16F84.inc
                      00012 ;--------------------------------------------------------------------
                      00013 ; Descripción del Hardware:
                      00014 ;
                      00015 ;                     1 --------------16
                      00016 ;                      |RA2  °|_|  RA1|
                      00017 ;                      |RA3        RA0| 
                      00018 ;                      |RA4/T0CKI OSC2| XTAL
                      00019 ;          R10 K a Vdd |/MCLR     OSC1| XTAL
                      00020 ;                  GND |VSS        VDD| 5V 
                      00021 ;                      |RB0/INT    RB7|
                      00022 ;                      |RB1        RB6|
                      00023 ;                      |RB2        RB5|
                      00024 ;                      |RB3        RB4| -> 
                      00025 ;                     9 --------------10
                      00026 ;
                      00027 ; Frecuencia del oscilador externo: 4MHz (XT)
                      00028 ;------------------------------------------------------------------------------------------
                      00029         LIST    p=PIC16F84A
                      00030         INCLUDE <p16f84a.inc>
                      00001         LIST
                      00002 ; P16F84A.INC  Standard Header File, Version 2.00    Microchip Technology, Inc.
                      00134         LIST
2007   3FF1           00031         __CONFIG _WDT_OFF & _PWRTE_ON & _CP_OFF & _XT_OSC
                      00032         ERRORLEVEL      -302
                      00033 
                      00034 ;- Definiciones y Equivalencias --------------------------------------
                      00035 #DEFINE bank0   bcf     STATUS,RP0              ; Cambio al banco 0
                      00036 #DEFINE bank1   bsf     STATUS,RP0              ; Cambio al banco 1     
                      00037 
                      00038 ;- Declaración de Variables ------------------------------------------
                      00039         CBLOCK  0x0C
  0000000C            00040         w_temp
  0000000D            00041         status_temp
  0000000E            00042         counter1
                      00043         ENDC
                      00044 
                      00045 ;- Macros ------------------------------------------------------------
                      00046 push        MACRO
                      00047         movwf   w_temp
                      00048         swapf   STATUS,W
                      00049         movwf   status_temp
                      00050         ENDM
MPASM 03.20.07 Released                               EJ6.ASM   8-23-2019  1:16:35         PAGE  2


LOC  OBJECT CODE     LINE SOURCE TEXT
  VALUE

                      00051 pop             MACRO
                      00052         swapf   status_temp,W
                      00053         movwf   STATUS
                      00054         swapf   w_temp,F
                      00055         swapf   w_temp,W
                      00056         ENDM
                      00057 
                      00058 ;- Vectores ---------------------------------------------------------
0000                  00059         ORG         0x000       ; Vector de Reset
0000   0180           00060         clrf    W
0001   2819           00061         goto    Main            
                      00062 
                      00063 ;- Servicio de Interrupción -----------------------------------------
0004                  00064         ORG         0x004       ; Vector de Interrupción
0004                  00065 Isr                                             ; Rutina de Interrupción
                      00066         push                            ; Guardo el contexto (Reg W y STATUS)
0004   008C               M         movwf   w_temp
0005   0E03               M         swapf   STATUS,W
0006   008D               M         movwf   status_temp
0007   1C0B           00067         btfss   INTCON,RBIF     
0008   280C           00068         goto    _tmr0_Interruption
0009                  00069 _RBI_Interruption       
0009   100B           00070         bcf             INTCON,RBIF
000A   168B           00071         bsf             INTCON,T0IE
000B   150B           00072         bsf             INTCON,T0IF ; Para que TMR0 interrumpa, luego de RB
000C                  00073 _tmr0_Interruption
000C   1D0B           00074         btfss   INTCON,T0IF
000D   2814           00075         goto    Salir
000E   110B           00076         bcf             INTCON,T0IF
000F   1D85           00077         btfss   PORTA,3
0010   282D           00078         goto    _Off400mS
0011   2823           00079         goto    _On100mS
                      00080 ;- Toggle -----------------------------------------------------------
0012                  00081 Toggle
0012   3008           00082         movlw   1<<3
Message[305]: Using default destination of 1 (file).
0013   0686           00083         xorwf   PORTB
0014                  00084 Salir   
                      00085         pop                                     ; Recupero el contexto (Reg W y STATUS)
0014   0E0D               M         swapf   status_temp,W
0015   0083               M         movwf   STATUS
0016   0E8C               M         swapf   w_temp,F
0017   0E0C               M         swapf   w_temp,W
0018   0009           00086         retfie
                      00087 
                      00088 ;--------------------------------------------------------------------
0019                  00089 Main
0019   1683           00090         bank1
001A   3080           00091         movlw   1<<7
001B   0086           00092         movwf   TRISB
001C   0185           00093         clrf    TRISA
001D   3088           00094         movlw   b'10001000'
001E   008B           00095         movwf   INTCON          ; Interrupcion RBI
MPASM 03.20.07 Released                               EJ6.ASM   8-23-2019  1:16:35         PAGE  3


LOC  OBJECT CODE     LINE SOURCE TEXT
  VALUE

001F   3007           00096         movlw   b'00000111' ; Counter Mode
                      00097                                                 ; Flanco Descendente
                      00098                                                 ; Periodo de 256 uS
0020   0081           00099         movwf   OPTION_REG
0021   1283           00100         bank0
                      00101         
0022                  00102 Loop
0022   2822           00103         goto    Loop
                      00104 
                      00105 
                      00106 ;- Etiquetas --------------------------------------------
                      00107 
0023                  00108 _On100mS        ;100000uS/256uS = 390 
0023   0181           00109         clrf    TMR0
0024                  00110 ask
0024   1D0B           00111         btfss   INTCON,T0IF
0025   2824           00112         goto    ask
0026   110B           00113         bcf             INTCON,T0IF
0027   307A           00114         movlw   .122    ;256-(390-256)
0028   0081           00115         movwf   TMR0
0029   1D0B           00116         btfss   INTCON,T0IF
002A   2829           00117         goto    $-1     
002B   110B           00118         bcf             INTCON,T0IF
002C   2812           00119         goto    Toggle
002D                  00120 _Off400mS ;100000uS/256uS = 1562
002D   3006           00121         movlw   .6      ;Debo repetir el mismo codigo
                      00122                                 ;6 veces. Esto se debe a que 256
                      00123                                 ;entra 6 veces en 1562. En la ultima
                      00124                                 ;el timer debe contar 26 para desbordar
002E   008E           00125         movwf   counter1
002F                  00126 _400mSLoop
Message[305]: Using default destination of 1 (file).
002F   0B8E           00127         decfsz  counter1
0030   2832           00128         goto    _Code
0031   2837           00129         goto    _Last
0032                  00130 _Code
0032   0181           00131         clrf    TMR0
0033   1D0B           00132         btfss   INTCON,T0IF
0034   2833           00133         goto    $-1     
0035   110B           00134         bcf             INTCON,T0IF
0036   282F           00135         goto    _400mSLoop
0037                  00136 _Last   
0037   30E6           00137         movlw   .230    ;256-26
0038   1D0B           00138         btfss   INTCON,T0IF
0039   2838           00139         goto    $-1     
003A   110B           00140         bcf             INTCON,T0IF
003B   2812           00141         goto    Toggle
                      00142 
                      00143 
                      00144         END                             
MPASM 03.20.07 Released                               EJ6.ASM   8-23-2019  1:16:35         PAGE  4


SYMBOL TABLE
  LABEL                             VALUE 

C                                 00000000
DC                                00000001
EEADR                             00000009
EECON1                            00000088
EECON2                            00000089
EEDATA                            00000008
EEIE                              00000006
EEIF                              00000004
F                                 00000001
FSR                               00000004
GIE                               00000007
INDF                              00000000
INTCON                            0000000B
INTE                              00000004
INTEDG                            00000006
INTF                              00000001
IRP                               00000007
Isr                               00000004
Loop                              00000022
Main                              00000019
NOT_PD                            00000003
NOT_RBPU                          00000007
NOT_TO                            00000004
OPTION_REG                        00000081
PCL                               00000002
PCLATH                            0000000A
PORTA                             00000005
PORTB                             00000006
PS0                               00000000
PS1                               00000001
PS2                               00000002
PSA                               00000003
RBIE                              00000003
RBIF                              00000000
RD                                00000000
RP0                               00000005
RP1                               00000006
STATUS                            00000003
Salir                             00000014
T0CS                              00000005
T0IE                              00000005
T0IF                              00000002
T0SE                              00000004
TMR0                              00000001
TRISA                             00000085
TRISB                             00000086
Toggle                            00000012
W                                 00000000
WR                                00000001
WREN                              00000002
WRERR                             00000003
Z                                 00000002
_400mSLoop                        0000002F
MPASM 03.20.07 Released                               EJ6.ASM   8-23-2019  1:16:35         PAGE  5


SYMBOL TABLE
  LABEL                             VALUE 

_CP_OFF                           00003FFF
_CP_ON                            0000000F
_Code                             00000032
_HS_OSC                           00003FFE
_LP_OSC                           00003FFC
_Last                             00000037
_Off400mS                         0000002D
_On100mS                          00000023
_PWRTE_OFF                        00003FFF
_PWRTE_ON                         00003FF7
_RBI_Interruption                 00000009
_RC_OSC                           00003FFF
_WDT_OFF                          00003FFB
_WDT_ON                           00003FFF
_XT_OSC                           00003FFD
__16F84A                          00000001
_tmr0_Interruption                0000000C
ask                               00000024
bank0                             bcf     STATUS,RP0
bank1                             bsf     STATUS,RP0
counter1                          0000000E
pop                               
push                              
status_temp                       0000000D
w_temp                            0000000C


MEMORY USAGE MAP ('X' = Used,  '-' = Unused)

0000 : XX--XXXXXXXXXXXX XXXXXXXXXXXXXXXX XXXXXXXXXXXXXXXX XXXXXXXXXXXX----
2000 : -------X-------- ---------------- ---------------- ----------------

All other memory blocks unused.

Program Memory Words Used:    58
Program Memory Words Free:   966


Errors   :     0
Warnings :     0 reported,     0 suppressed
Messages :     2 reported,     3 suppressed

