MPASM 03.20.07 Released                               EJ3.ASM   8-4-2019  17:51:08         PAGE  1


LOC  OBJECT CODE     LINE SOURCE TEXT
  VALUE

                      00001 ;--------------------------------------------------------------------
                      00002 ; Nombre del archivo: ej3.asm
                      00003 ;--------------------------------------------------------------------
                      00004 ; Descripción: Realizar un toggle en el pin RA2 cada 20 mS (utilizando 
                      00005 ; interrupción de TMR0).
                      00006 ;--------------------------------------------------------------------
                      00007 ; Versión ensamblador: MPASM™ Assembler v5.42
                      00008 ; p16F84.inc
                      00009 ;--------------------------------------------------------------------
                      00010 ; Descripción del Hardware:
                      00011 ;
                      00012 ;                     1 --------------16
                      00013 ;                      |RA2  °|_|  RA1|
                      00014 ;                      |RA3        RA0| 
                      00015 ;                      |RA4/T0CKI OSC2| XTAL
                      00016 ;          R10 K a Vdd |/MCLR     OSC1| XTAL
                      00017 ;                  GND |VSS        VDD| 5V 
                      00018 ;                      |RB0/INT    RB7|
                      00019 ;                      |RB1        RB6|
                      00020 ;                      |RB2        RB5|
                      00021 ;                      |RB3        RB4| -> 
                      00022 ;                     9 --------------10
                      00023 ;
                      00024 ; Frecuencia del oscilador externo: 4MHz (XT)
                      00025 ;--------------------------------------------------------------------
                      00026 ; Autores: Nicolás Rozenberg & Camilo Elman       
                      00027 ;--------------------------------------------------------------------
                      00028         LIST    p=PIC16F84A
                      00029         INCLUDE <p16f84a.inc>
                      00001         LIST
                      00002 ; P16F84A.INC  Standard Header File, Version 2.00    Microchip Technology, Inc.
                      00134         LIST
2007   3FF1           00030         __CONFIG _WDT_OFF & _PWRTE_ON & _CP_OFF & _XT_OSC
                      00031         ERRORLEVEL      -302
                      00032 
                      00033 ;- Definiciones y Equivalencias --------------------------------------
                      00034 #DEFINE bank0   bcf     STATUS,RP0              ; Cambio al banco 0
                      00035 #DEFINE bank1   bsf     STATUS,RP0              ; Cambio al banco 1     
                      00036 #DEFINE pin1            RA2
                      00037 
                      00038 ;- Declaración de Variables ------------------------------------------
                      00039         CBLOCK  0x0C
  0000000C            00040         w_temp
  0000000D            00041         status_temp
  0000000E            00042         d1
  0000000F            00043         d2
                      00044         ENDC
                      00045 
                      00046 ;- Macros ------------------------------------------------------------
                      00047 push        MACRO
                      00048         movwf   w_temp
                      00049         swapf   STATUS,W
                      00050         movwf   status_temp
MPASM 03.20.07 Released                               EJ3.ASM   8-4-2019  17:51:08         PAGE  2


LOC  OBJECT CODE     LINE SOURCE TEXT
  VALUE

                      00051         ENDM
                      00052 pop             MACRO
                      00053         swapf   status_temp,W
                      00054         movwf   STATUS
                      00055         swapf   w_temp,F
                      00056         swapf   w_temp,W
                      00057         ENDM
                      00058 
                      00059 ;- Vectores ---------------------------------------------------------
0000                  00060         ORG         0x000       ; Vector de Reset
0000   0103           00061         clrw
0001   2814           00062         goto    Main            
                      00063 
                      00064 ;- Servicio de Interrupción -----------------------------------------
0004                  00065         ORG         0x004       ; Vector de Interrupción
0004                  00066 Isr                                             ; Rutina de Interrupción
                      00067         push                            ; Guardo el contexto (Reg W y STATUS)
0004   008C               M         movwf   w_temp
0005   0E03               M         swapf   STATUS,W
0006   008D               M         movwf   status_temp
                      00068                                                 ; Interrumpe cada 16384 uS. Faltan 3616 uS
0007   138B           00069         bcf             INTCON, GIE
0008   110B           00070         bcf             INTCON, T0IF
0009   0181           00071         clrf    OPTION_REG
000A   201E           00072         call    retardo_faltante        ;16384 uS + 3600 uS = 19984 uS
000B   1105           00073         bcf             PORTA,2                         ;Toggle
000C   3005           00074         movlw   b'00000101'
000D   0081           00075         movwf   OPTION_REG
                      00076         pop
000E   0E0D               M         swapf   status_temp,W
000F   0083               M         movwf   STATUS
0010   0E8C               M         swapf   w_temp,F
0011   0E0C               M         swapf   w_temp,W
0012   0181           00077         clrf    TMR0
0013   0009           00078         retfie
                      00079         
                      00080 
                      00081 ;--------------------------------------------------------------------
0014                  00082 Main
0014   1683           00083         bank1
0015   0185           00084         clrf    TRISA
0016   30A0           00085         movlw   b'10100000' ;Habilitar interrupcion de timer-overflow
0017   008B           00086         movwf   INTCON
0018   3005           00087         movlw   b'00000101' ;Prescaler 1:64
0019   0081           00088         movwf   OPTION_REG
001A   1283           00089         bank0
001B   0181           00090         clrf    TMR0
001C                  00091 Loop
001C   1505           00092         bsf             PORTA,2
001D   281C           00093         goto    Loop
                      00094 
                      00095 ;- Subrutinas -------------------------------------------------------
                      00096 
MPASM 03.20.07 Released                               EJ3.ASM   8-4-2019  17:51:08         PAGE  3


LOC  OBJECT CODE     LINE SOURCE TEXT
  VALUE

001E                  00097 retardo_faltante ;3600 ciclos -> 3600 uS
                      00098                         
001E   30CE           00099         movlw   0xCE
001F   008E           00100         movwf   d1
0020   3003           00101         movlw   0x03
0021   008F           00102         movwf   d2
0022                  00103 retardo_faltante_0
0022   0B8E           00104         decfsz  d1, f
0023   2825           00105         goto    $+2
0024   0B8F           00106         decfsz  d2, f
0025   2822           00107         goto    retardo_faltante_0
0026   2827           00108         goto    $+1
0027   0000           00109         nop
0028   0008           00110         return
                      00111 
                      00112         END                                     ; FIN del pgm
MPASM 03.20.07 Released                               EJ3.ASM   8-4-2019  17:51:08         PAGE  4


SYMBOL TABLE
  LABEL                             VALUE 

C                                 00000000
DC                                00000001
EEADR                             00000009
EECON1                            00000088
EECON2                            00000089
EEDATA                            00000008
EEIE                              00000006
EEIF                              00000004
F                                 00000001
FSR                               00000004
GIE                               00000007
INDF                              00000000
INTCON                            0000000B
INTE                              00000004
INTEDG                            00000006
INTF                              00000001
IRP                               00000007
Isr                               00000004
Loop                              0000001C
Main                              00000014
NOT_PD                            00000003
NOT_RBPU                          00000007
NOT_TO                            00000004
OPTION_REG                        00000081
PCL                               00000002
PCLATH                            0000000A
PORTA                             00000005
PORTB                             00000006
PS0                               00000000
PS1                               00000001
PS2                               00000002
PSA                               00000003
RBIE                              00000003
RBIF                              00000000
RD                                00000000
RP0                               00000005
RP1                               00000006
STATUS                            00000003
T0CS                              00000005
T0IE                              00000005
T0IF                              00000002
T0SE                              00000004
TMR0                              00000001
TRISA                             00000085
TRISB                             00000086
W                                 00000000
WR                                00000001
WREN                              00000002
WRERR                             00000003
Z                                 00000002
_CP_OFF                           00003FFF
_CP_ON                            0000000F
_HS_OSC                           00003FFE
MPASM 03.20.07 Released                               EJ3.ASM   8-4-2019  17:51:08         PAGE  5


SYMBOL TABLE
  LABEL                             VALUE 

_LP_OSC                           00003FFC
_PWRTE_OFF                        00003FFF
_PWRTE_ON                         00003FF7
_RC_OSC                           00003FFF
_WDT_OFF                          00003FFB
_WDT_ON                           00003FFF
_XT_OSC                           00003FFD
__16F84A                          00000001
bank0                             bcf     STATUS,RP0
bank1                             bsf     STATUS,RP0
d1                                0000000E
d2                                0000000F
pin1                              RA2
pop                               
push                              
retardo_faltante                  0000001E
retardo_faltante_0                00000022
status_temp                       0000000D
w_temp                            0000000C


MEMORY USAGE MAP ('X' = Used,  '-' = Unused)

0000 : XX--XXXXXXXXXXXX XXXXXXXXXXXXXXXX XXXXXXXXX------- ----------------
2000 : -------X-------- ---------------- ---------------- ----------------

All other memory blocks unused.

Program Memory Words Used:    39
Program Memory Words Free:   985


Errors   :     0
Warnings :     0 reported,     0 suppressed
Messages :     0 reported,     4 suppressed

